<?xml version="1.0" encoding="UTF-8"?>
<!-- Generated by org.testng.reporters.JUnitReportReporter -->
<testsuite hostname="DESKTOP-VQPVIM5" failures="0" tests="1" name="com.appiumbrowser.test.BrowserTest" time="0.004" errors="0" timestamp="2024-12-03T16:27:29 IST" skipped="0">
  <testcase classname="com.appiumbrowser.test.BrowserTest" name="browser" time="0.004"/>
</testsuite> <!-- com.appiumbrowser.test.BrowserTest -->
