<?xml version="1.0" encoding="UTF-8"?>
<!-- Generated by org.testng.reporters.JUnitReportReporter -->
<testsuite hostname="DESKTOP-VQPVIM5" failures="0" tests="3" name="qapitol.SeleniumGrid.GridExecution" time="43.030" errors="0" timestamp="2024-11-13T14:14:16 IST" skipped="0">
  <testcase classname="qapitol.SeleniumGrid.GridExecution" name="Test1" time="13.890"/>
  <testcase classname="qapitol.SeleniumGrid.GridExecution" name="Test2" time="15.514"/>
  <testcase classname="qapitol.SeleniumGrid.GridExecution" name="Test3" time="13.626"/>
</testsuite> <!-- qapitol.SeleniumGrid.GridExecution -->
