<?xml version="1.0" encoding="UTF-8"?>
<!-- Generated by org.testng.reporters.JUnitReportReporter -->
<testsuite hostname="DESKTOP-VQPVIM5" failures="0" tests="1" name="com.qapitol.Calculator.Calculator" time="10.226" errors="0" timestamp="2024-11-23T12:36:11 IST" skipped="0">
  <testcase classname="com.qapitol.Calculator.Calculator" name="openCalculator" time="10.226"/>
</testsuite> <!-- com.qapitol.Calculator.Calculator -->
