<?xml version="1.0" encoding="UTF-8"?>
<!-- Generated by org.testng.reporters.JUnitReportReporter -->
<testsuite hostname="DESKTOP-VQPVIM5" failures="0" tests="2" name="workshop.WorkshopSelenium.Demo" time="0.017" errors="0" timestamp="2024-11-23T11:27:19 IST" skipped="0">
  <testcase classname="workshop.WorkshopSelenium.Demo" name="test" time="0.013"/>
  <testcase classname="workshop.WorkshopSelenium.Demo" name="test1" time="0.004"/>
</testsuite> <!-- workshop.WorkshopSelenium.Demo -->
