<?xml version="1.0" encoding="UTF-8"?>
<!-- Generated by org.testng.reporters.JUnitReportReporter -->
<testsuite hostname="DESKTOP-VQPVIM5" failures="0" tests="1" name="com.qapitol.testcases.CricbuzzTest" time="0.649" errors="0" timestamp="2024-11-22T12:53:38 IST" skipped="0">
  <testcase classname="com.qapitol.testcases.CricbuzzTest" name="cric" time="0.649"/>
</testsuite> <!-- com.qapitol.testcases.CricbuzzTest -->
