<?xml version="1.0" encoding="UTF-8"?>
<!-- Generated by org.testng.reporters.JUnitReportReporter -->
<testsuite hostname="DESKTOP-VQPVIM5" failures="0" tests="1" name="com.qapitol.myntra.testcases.AddToCart" time="10.439" errors="0" timestamp="2024-11-28T09:56:11 IST" skipped="0">
  <testcase classname="com.qapitol.myntra.testcases.AddToCart" name="addToCart" time="10.439"/>
  <system-out/>
</testsuite> <!-- com.qapitol.myntra.testcases.AddToCart -->
