<?xml version="1.0" encoding="UTF-8"?>
<!-- Generated by org.testng.reporters.JUnitReportReporter -->
<testsuite hostname="DESKTOP-VQPVIM5" failures="0" tests="1" name="com.qapotol.myntra.AddToCart" time="34.769" errors="0" timestamp="2024-11-27T15:40:05 IST" skipped="0">
  <testcase classname="com.qapotol.myntra.AddToCart" name="addToCart" time="34.769"/>
  <system-out/>
</testsuite> <!-- com.qapotol.myntra.AddToCart -->
