<?xml version="1.0" encoding="UTF-8"?>
<!-- Generated by org.testng.reporters.JUnitReportReporter -->
<testsuite hostname="DESKTOP-VQPVIM5" failures="0" tests="1" name="com.orangehrm.testcases.OrangeHRM_test" time="23.776" errors="0" timestamp="2024-12-05T10:31:18 IST" skipped="0">
  <testcase classname="com.orangehrm.testcases.OrangeHRM_test" name="timeModule" time="23.776"/>
  <system-out/>
</testsuite> <!-- com.orangehrm.testcases.OrangeHRM_test -->
