<?xml version="1.0" encoding="UTF-8"?>
<!-- Generated by org.testng.reporters.JUnitReportReporter -->
<testsuite hostname="DESKTOP-VQPVIM5" failures="0" tests="3" name="com.qapitol.testcases.SearchTest" time="35.766" errors="0" timestamp="2024-11-14T09:58:41 IST" skipped="0">
  <testcase classname="com.qapitol.testcases.SearchTest" name="search" time="12.042"/>
  <testcase classname="com.qapitol.testcases.SearchTest" name="search" time="11.469"/>
  <testcase classname="com.qapitol.testcases.SearchTest" name="search" time="12.255"/>
</testsuite> <!-- com.qapitol.testcases.SearchTest -->
