<?xml version="1.0" encoding="UTF-8"?>
<!-- Generated by org.testng.reporters.JUnitReportReporter -->
<testsuite hostname="DESKTOP-VQPVIM5" failures="0" tests="3" name="com.qapitol.testcases.SearchTest" time="78.709" errors="0" timestamp="2025-01-27T16:39:58 IST" skipped="0">
  <testcase classname="com.qapitol.testcases.SearchTest" name="search" time="26.416"/>
  <testcase classname="com.qapitol.testcases.SearchTest" name="search" time="26.394"/>
  <testcase classname="com.qapitol.testcases.SearchTest" name="search" time="25.899"/>
</testsuite> <!-- com.qapitol.testcases.SearchTest -->
