<?xml version="1.0" encoding="UTF-8"?>
<!-- Generated by org.testng.reporters.JUnitReportReporter -->
<testsuite hostname="DESKTOP-VQPVIM5" failures="0" tests="1" name="com.qapitol.testcases.LoginTest" time="0.012" errors="0" timestamp="2024-11-12T17:59:59 IST" skipped="0">
  <testcase classname="com.qapitol.testcases.LoginTest" name="login" time="0.012"/>
</testsuite> <!-- com.qapitol.testcases.LoginTest -->
