<?xml version="1.0" encoding="UTF-8"?>
<!-- Generated by org.testng.reporters.JUnitReportReporter -->
<testsuite hostname="DESKTOP-VQPVIM5" failures="0" tests="1" name="com.qapitol.testcases.SearchTest" time="14.355" errors="0" timestamp="2024-11-13T11:48:18 IST" skipped="0">
  <testcase classname="com.qapitol.testcases.SearchTest" name="search" time="14.355"/>
</testsuite> <!-- com.qapitol.testcases.SearchTest -->
