<?xml version="1.0" encoding="UTF-8"?>
<!-- Generated by org.testng.reporters.JUnitReportReporter -->
<testsuite hostname="DESKTOP-VQPVIM5" failures="0" tests="1" name="com.guru99demo.testcases.InsideAndOutsideBlockLevelTagTest" time="3.519" errors="0" timestamp="2024-11-29T12:23:31 IST" skipped="0">
  <testcase classname="com.guru99demo.testcases.InsideAndOutsideBlockLevelTagTest" name="inside" time="3.519"/>
  <system-out/>
</testsuite> <!-- com.guru99demo.testcases.InsideAndOutsideBlockLevelTagTest -->
