<?xml version="1.0" encoding="UTF-8"?>
<!-- Generated by org.testng.reporters.JUnitReportReporter -->
<testsuite hostname="DESKTOP-VQPVIM5" failures="0" tests="1" name="com.guru99demo.testcases.FileUploadTest" time="33.005" errors="0" timestamp="2024-11-29T14:20:12 IST" skipped="0">
  <testcase classname="com.guru99demo.testcases.FileUploadTest" name="file" time="33.005"/>
  <system-out/>
</testsuite> <!-- com.guru99demo.testcases.FileUploadTest -->
