<?xml version="1.0" encoding="UTF-8"?>
<!-- Generated by org.testng.reporters.JUnitReportReporter -->
<testsuite hostname="DESKTOP-VQPVIM5" failures="0" tests="1" name="com.guru99demo.testcases.LoginTest" time="3.023" errors="0" timestamp="2024-11-29T14:43:08 IST" skipped="0">
  <testcase classname="com.guru99demo.testcases.LoginTest" name="loginTest" time="3.023"/>
  <system-out/>
</testsuite> <!-- com.guru99demo.testcases.LoginTest -->
