<?xml version="1.0" encoding="UTF-8"?>
<!-- Generated by org.testng.reporters.JUnitReportReporter -->
<testsuite hostname="DESKTOP-VQPVIM5" failures="0" tests="1" name="com.guru99demo.testcases.TableDemoTest" time="1.030" errors="0" timestamp="2024-11-29T12:04:24 IST" skipped="0">
  <testcase classname="com.guru99demo.testcases.TableDemoTest" name="table" time="1.030"/>
  <system-out/>
</testsuite> <!-- com.guru99demo.testcases.TableDemoTest -->
