<?xml version="1.0" encoding="UTF-8"?>
<!-- Generated by org.testng.reporters.JUnitReportReporter -->
<testsuite hostname="DESKTOP-VQPVIM5" failures="0" tests="1" name="com.guru99demo.testcases.RadioAndCheckboxTest" time="1.237" errors="0" timestamp="2024-11-29T12:00:16 IST" skipped="0">
  <testcase classname="com.guru99demo.testcases.RadioAndCheckboxTest" name="checkBox" time="1.237"/>
  <system-out/>
</testsuite> <!-- com.guru99demo.testcases.RadioAndCheckboxTest -->
