<?xml version="1.0" encoding="UTF-8"?>
<!-- Generated by org.testng.reporters.JUnitReportReporter -->
<testsuite hostname="DESKTOP-VQPVIM5" failures="0" tests="1" name="com.guru99demo.testcases.DeleteCustomerFormTest" time="1.981" errors="0" timestamp="2024-11-29T12:29:38 IST" skipped="0">
  <testcase classname="com.guru99demo.testcases.DeleteCustomerFormTest" name="customerDelete" time="1.981"/>
  <system-out/>
</testsuite> <!-- com.guru99demo.testcases.DeleteCustomerFormTest -->
