<?xml version="1.0" encoding="UTF-8"?>
<!-- Generated by org.testng.reporters.JUnitReportReporter -->
<testsuite hostname="DESKTOP-VQPVIM5" failures="0" tests="1" name="com.qapitol.guru99.base.BaseClass" time="3.797" errors="0" timestamp="2024-11-28T11:50:29 IST" skipped="0">
  <testcase classname="com.qapitol.guru99.base.BaseClass" name="openBrowser" time="3.797"/>
  <system-out/>
</testsuite> <!-- com.qapitol.guru99.base.BaseClass -->
