<?xml version="1.0" encoding="UTF-8"?>
<!-- Generated by org.testng.reporters.JUnitReportReporter -->
<testsuite hostname="DESKTOP-VQPVIM5" failures="0" tests="16" name="com.restassuredframework.testcases.UserTest" time="19.031" errors="0" timestamp="2024-12-19T15:09:17 IST" skipped="0">
  <testcase classname="com.restassuredframework.testcases.UserTest" name="verifyCreateUser" time="1.063"/>
  <testcase classname="com.restassuredframework.testcases.UserTest" name="verifyCreateUser" time="1.093"/>
  <testcase classname="com.restassuredframework.testcases.UserTest" name="verifyCreateUser" time="1.383"/>
  <testcase classname="com.restassuredframework.testcases.UserTest" name="verifyCreateUser" time="2.914"/>
  <testcase classname="com.restassuredframework.testcases.UserTest" name="verifyGetUserByUsername" time="1.051"/>
  <testcase classname="com.restassuredframework.testcases.UserTest" name="verifyGetUserByUsername" time="0.915"/>
  <testcase classname="com.restassuredframework.testcases.UserTest" name="verifyGetUserByUsername" time="0.926"/>
  <testcase classname="com.restassuredframework.testcases.UserTest" name="verifyGetUserByUsername" time="1.116"/>
  <testcase classname="com.restassuredframework.testcases.UserTest" name="verifyUpdateUserByUsername" time="1.260"/>
  <testcase classname="com.restassuredframework.testcases.UserTest" name="verifyUpdateUserByUsername" time="1.070"/>
  <testcase classname="com.restassuredframework.testcases.UserTest" name="verifyUpdateUserByUsername" time="0.991"/>
  <testcase classname="com.restassuredframework.testcases.UserTest" name="verifyUpdateUserByUsername" time="1.019"/>
  <testcase classname="com.restassuredframework.testcases.UserTest" name="verifyDeleteUser" time="0.948"/>
  <testcase classname="com.restassuredframework.testcases.UserTest" name="verifyDeleteUser" time="0.999"/>
  <testcase classname="com.restassuredframework.testcases.UserTest" name="verifyDeleteUser" time="1.037"/>
  <testcase classname="com.restassuredframework.testcases.UserTest" name="verifyDeleteUser" time="1.246"/>
</testsuite> <!-- com.restassuredframework.testcases.UserTest -->
