<?xml version="1.0" encoding="UTF-8"?>
<!-- Generated by org.testng.reporters.JUnitReportReporter -->
<testsuite hostname="DESKTOP-VQPVIM5" failures="0" tests="1" name="Text" time="5.376" errors="0" timestamp="2024-11-11T11:19:49 IST" skipped="0">
  <testcase classname="Text" name="text5" time="5.376"/>
</testsuite> <!-- Text -->
