<?xml version="1.0" encoding="UTF-8"?>
<!-- Generated by org.testng.reporters.JUnitReportReporter -->
<testsuite hostname="DESKTOP-VQPVIM5" failures="0" tests="1" name="com.qapitol.Testcases.ElementsTest" time="1.408" errors="0" timestamp="2024-11-11T17:21:21 IST" skipped="0">
  <testcase classname="com.qapitol.Testcases.ElementsTest" name="elementActions" time="1.408"/>
</testsuite> <!-- com.qapitol.Testcases.ElementsTest -->
