<?xml version="1.0" encoding="UTF-8"?>
<!-- Generated by org.testng.reporters.JUnitReportReporter -->
<testsuite hostname="DESKTOP-VQPVIM5" failures="0" tests="1" name="com.restassureddemo.tests.PostTest" time="2.718" errors="0" timestamp="2024-12-16T17:44:42 IST" skipped="0">
  <testcase classname="com.restassureddemo.tests.PostTest" name="postTest" time="2.718"/>
  <system-out/>
</testsuite> <!-- com.restassureddemo.tests.PostTest -->
