<?xml version="1.0" encoding="UTF-8"?>
<!-- Generated by org.testng.reporters.JUnitReportReporter -->
<testsuite hostname="DESKTOP-VQPVIM5" failures="0" tests="1" name="com.restassureddemo.tests.DeleteTest" time="1.715" errors="0" timestamp="2024-12-16T16:28:45 IST" skipped="0">
  <testcase classname="com.restassureddemo.tests.DeleteTest" name="deleteTest" time="1.715"/>
  <system-out/>
</testsuite> <!-- com.restassureddemo.tests.DeleteTest -->
