<?xml version="1.0" encoding="UTF-8"?>
<!-- Generated by org.testng.reporters.JUnitReportReporter -->
<testsuite hostname="DESKTOP-VQPVIM5" failures="0" tests="1" name="com.restassureddemo.tests.PutTest" time="2.881" errors="0" timestamp="2024-12-16T17:46:56 IST" skipped="0">
  <testcase classname="com.restassureddemo.tests.PutTest" name="putTest" time="2.881"/>
  <system-out/>
</testsuite> <!-- com.restassureddemo.tests.PutTest -->
