<?xml version="1.0" encoding="UTF-8"?>
<!-- Generated by org.testng.reporters.JUnitReportReporter -->
<testsuite hostname="DESKTOP-VQPVIM5" failures="0" tests="1" name="com.restassureddemo.tests.RestAssuredTest" time="2.849" errors="0" timestamp="2024-12-16T15:48:05 IST" skipped="0">
  <testcase classname="com.restassureddemo.tests.RestAssuredTest" name="validateMultipleArrayData" time="2.849"/>
  <system-out/>
</testsuite> <!-- com.restassureddemo.tests.RestAssuredTest -->
